Determining if the pthread_create exist failed with the following output:
Change Dir: /home/ivip/Janebek/ORB_SLAM2_semidense/build/CMakeFiles/CMakeTmp

Run Build Command:"/usr/bin/make" "cmTC_9cc90/fast"
/usr/bin/make -f CMakeFiles/cmTC_9cc90.dir/build.make CMakeFiles/cmTC_9cc90.dir/build
make[1]: Entering directory '/home/ivip/Janebek/ORB_SLAM2_semidense/build/CMakeFiles/CMakeTmp'
Building C object CMakeFiles/cmTC_9cc90.dir/CheckSymbolExists.c.o
/usr/bin/cc   -Wall  -O3 -march=native     -o CMakeFiles/cmTC_9cc90.dir/CheckSymbolExists.c.o   -c /home/ivip/Janebek/ORB_SLAM2_semidense/build/CMakeFiles/CMakeTmp/CheckSymbolExists.c
Linking C executable cmTC_9cc90
/usr/local/bin/cmake -E cmake_link_script CMakeFiles/cmTC_9cc90.dir/link.txt --verbose=1
/usr/bin/cc   -Wall  -O3 -march=native      -rdynamic CMakeFiles/cmTC_9cc90.dir/CheckSymbolExists.c.o  -o cmTC_9cc90 
CMakeFiles/cmTC_9cc90.dir/CheckSymbolExists.c.o：在函数‘main’中：
CheckSymbolExists.c:(.text.startup+0x6)：对‘pthread_create’未定义的引用
collect2: 错误：ld 返回 1
CMakeFiles/cmTC_9cc90.dir/build.make:86: recipe for target 'cmTC_9cc90' failed
make[1]: *** [cmTC_9cc90] Error 1
make[1]: Leaving directory '/home/ivip/Janebek/ORB_SLAM2_semidense/build/CMakeFiles/CMakeTmp'
Makefile:121: recipe for target 'cmTC_9cc90/fast' failed
make: *** [cmTC_9cc90/fast] Error 2

File /home/ivip/Janebek/ORB_SLAM2_semidense/build/CMakeFiles/CMakeTmp/CheckSymbolExists.c:
/* */
#include <pthread.h>

int main(int argc, char** argv)
{
  (void)argv;
#ifndef pthread_create
  return ((int*)(&pthread_create))[argc];
#else
  (void)argc;
  return 0;
#endif
}

Determining if the function pthread_create exists in the pthreads failed with the following output:
Change Dir: /home/ivip/Janebek/ORB_SLAM2_semidense/build/CMakeFiles/CMakeTmp

Run Build Command:"/usr/bin/make" "cmTC_4bf1b/fast"
/usr/bin/make -f CMakeFiles/cmTC_4bf1b.dir/build.make CMakeFiles/cmTC_4bf1b.dir/build
make[1]: Entering directory '/home/ivip/Janebek/ORB_SLAM2_semidense/build/CMakeFiles/CMakeTmp'
Building C object CMakeFiles/cmTC_4bf1b.dir/CheckFunctionExists.c.o
/usr/bin/cc   -Wall  -O3 -march=native  -DCHECK_FUNCTION_EXISTS=pthread_create   -o CMakeFiles/cmTC_4bf1b.dir/CheckFunctionExists.c.o   -c /usr/local/share/cmake-3.13/Modules/CheckFunctionExists.c
Linking C executable cmTC_4bf1b
/usr/local/bin/cmake -E cmake_link_script CMakeFiles/cmTC_4bf1b.dir/link.txt --verbose=1
/usr/bin/cc   -Wall  -O3 -march=native  -DCHECK_FUNCTION_EXISTS=pthread_create    -rdynamic CMakeFiles/cmTC_4bf1b.dir/CheckFunctionExists.c.o  -o cmTC_4bf1b -lpthreads 
/usr/bin/ld: 找不到 -lpthreads
collect2: 错误：ld 返回 1
CMakeFiles/cmTC_4bf1b.dir/build.make:86: recipe for target 'cmTC_4bf1b' failed
make[1]: *** [cmTC_4bf1b] Error 1
make[1]: Leaving directory '/home/ivip/Janebek/ORB_SLAM2_semidense/build/CMakeFiles/CMakeTmp'
Makefile:121: recipe for target 'cmTC_4bf1b/fast' failed
make: *** [cmTC_4bf1b/fast] Error 2


