The system is: Linux - 4.15.0-142-generic - x86_64
Compiling the C compiler identification source file "CMakeCCompilerId.c" succeeded.
Compiler: /usr/bin/cc 
Build flags: 
Id flags:  

The output was:
0


Compilation of the C compiler identification source "CMakeCCompilerId.c" produced "a.out"

The C compiler identification is GNU, found in "/home/ivip/Janebek/ORB_SLAM2_semidense/build/CMakeFiles/3.13.2/CompilerIdC/a.out"

Compiling the CXX compiler identification source file "CMakeCXXCompilerId.cpp" succeeded.
Compiler: /usr/bin/c++ 
Build flags: 
Id flags:  

The output was:
0


Compilation of the CXX compiler identification source "CMakeCXXCompilerId.cpp" produced "a.out"

The CXX compiler identification is GNU, found in "/home/ivip/Janebek/ORB_SLAM2_semidense/build/CMakeFiles/3.13.2/CompilerIdCXX/a.out"

Determining if the C compiler works passed with the following output:
Change Dir: /home/ivip/Janebek/ORB_SLAM2_semidense/build/CMakeFiles/CMakeTmp

Run Build Command:"/usr/bin/make" "cmTC_750d8/fast"
/usr/bin/make -f CMakeFiles/cmTC_750d8.dir/build.make CMakeFiles/cmTC_750d8.dir/build
make[1]: Entering directory '/home/ivip/Janebek/ORB_SLAM2_semidense/build/CMakeFiles/CMakeTmp'
Building C object CMakeFiles/cmTC_750d8.dir/testCCompiler.c.o
/usr/bin/cc    -o CMakeFiles/cmTC_750d8.dir/testCCompiler.c.o   -c /home/ivip/Janebek/ORB_SLAM2_semidense/build/CMakeFiles/CMakeTmp/testCCompiler.c
Linking C executable cmTC_750d8
/usr/local/bin/cmake -E cmake_link_script CMakeFiles/cmTC_750d8.dir/link.txt --verbose=1
/usr/bin/cc      -rdynamic CMakeFiles/cmTC_750d8.dir/testCCompiler.c.o  -o cmTC_750d8 
make[1]: Leaving directory '/home/ivip/Janebek/ORB_SLAM2_semidense/build/CMakeFiles/CMakeTmp'


Detecting C compiler ABI info compiled with the following output:
Change Dir: /home/ivip/Janebek/ORB_SLAM2_semidense/build/CMakeFiles/CMakeTmp

Run Build Command:"/usr/bin/make" "cmTC_7d8d8/fast"
/usr/bin/make -f CMakeFiles/cmTC_7d8d8.dir/build.make CMakeFiles/cmTC_7d8d8.dir/build
make[1]: Entering directory '/home/ivip/Janebek/ORB_SLAM2_semidense/build/CMakeFiles/CMakeTmp'
Building C object CMakeFiles/cmTC_7d8d8.dir/CMakeCCompilerABI.c.o
/usr/bin/cc    -o CMakeFiles/cmTC_7d8d8.dir/CMakeCCompilerABI.c.o   -c /usr/local/share/cmake-3.13/Modules/CMakeCCompilerABI.c
Linking C executable cmTC_7d8d8
/usr/local/bin/cmake -E cmake_link_script CMakeFiles/cmTC_7d8d8.dir/link.txt --verbose=1
/usr/bin/cc     -v -rdynamic CMakeFiles/cmTC_7d8d8.dir/CMakeCCompilerABI.c.o  -o cmTC_7d8d8 
使用内建 specs。
COLLECT_GCC=/usr/bin/cc
COLLECT_LTO_WRAPPER=/usr/local/libexec/gcc/x86_64-pc-linux-gnu/7.3.0/lto-wrapper
目标：x86_64-pc-linux-gnu
配置为：../gcc-7.3.0/configure --disable-multilib
线程模型：posix
gcc 版本 7.3.0 (GCC) 
COMPILER_PATH=/usr/local/libexec/gcc/x86_64-pc-linux-gnu/7.3.0/:/usr/local/libexec/gcc/x86_64-pc-linux-gnu/7.3.0/:/usr/local/libexec/gcc/x86_64-pc-linux-gnu/:/usr/local/lib/gcc/x86_64-pc-linux-gnu/7.3.0/:/usr/local/lib/gcc/x86_64-pc-linux-gnu/
LIBRARY_PATH=/usr/local/lib/gcc/x86_64-pc-linux-gnu/7.3.0/:/usr/local/lib/gcc/x86_64-pc-linux-gnu/7.3.0/../../../../lib64/:/lib/x86_64-linux-gnu/:/lib/../lib64/:/usr/lib/x86_64-linux-gnu/:/usr/local/lib/gcc/x86_64-pc-linux-gnu/7.3.0/../../../:/lib/:/usr/lib/
COLLECT_GCC_OPTIONS='-v' '-rdynamic' '-o' 'cmTC_7d8d8' '-mtune=generic' '-march=x86-64'
 /usr/local/libexec/gcc/x86_64-pc-linux-gnu/7.3.0/collect2 -plugin /usr/local/libexec/gcc/x86_64-pc-linux-gnu/7.3.0/liblto_plugin.so -plugin-opt=/usr/local/libexec/gcc/x86_64-pc-linux-gnu/7.3.0/lto-wrapper -plugin-opt=-fresolution=/tmp/cc0kWS5M.res -plugin-opt=-pass-through=-lgcc -plugin-opt=-pass-through=-lgcc_s -plugin-opt=-pass-through=-lc -plugin-opt=-pass-through=-lgcc -plugin-opt=-pass-through=-lgcc_s --eh-frame-hdr -m elf_x86_64 -export-dynamic -dynamic-linker /lib64/ld-linux-x86-64.so.2 -o cmTC_7d8d8 /usr/lib/x86_64-linux-gnu/crt1.o /usr/lib/x86_64-linux-gnu/crti.o /usr/local/lib/gcc/x86_64-pc-linux-gnu/7.3.0/crtbegin.o -L/usr/local/lib/gcc/x86_64-pc-linux-gnu/7.3.0 -L/usr/local/lib/gcc/x86_64-pc-linux-gnu/7.3.0/../../../../lib64 -L/lib/x86_64-linux-gnu -L/lib/../lib64 -L/usr/lib/x86_64-linux-gnu -L/usr/local/lib/gcc/x86_64-pc-linux-gnu/7.3.0/../../.. CMakeFiles/cmTC_7d8d8.dir/CMakeCCompilerABI.c.o -lgcc --as-needed -lgcc_s --no-as-needed -lc -lgcc --as-needed -lgcc_s --no-as-needed /usr/local/lib/gcc/x86_64-pc-linux-gnu/7.3.0/crtend.o /usr/lib/x86_64-linux-gnu/crtn.o
COLLECT_GCC_OPTIONS='-v' '-rdynamic' '-o' 'cmTC_7d8d8' '-mtune=generic' '-march=x86-64'
make[1]: Leaving directory '/home/ivip/Janebek/ORB_SLAM2_semidense/build/CMakeFiles/CMakeTmp'


Parsed C implicit link information from above output:
  link line regex: [^( *|.*[/\])(ld|CMAKE_LINK_STARTFILE-NOTFOUND|([^/\]+-)?ld|collect2)[^/\]*( |$)]
  ignore line: [Change Dir: /home/ivip/Janebek/ORB_SLAM2_semidense/build/CMakeFiles/CMakeTmp]
  ignore line: []
  ignore line: [Run Build Command:"/usr/bin/make" "cmTC_7d8d8/fast"]
  ignore line: [/usr/bin/make -f CMakeFiles/cmTC_7d8d8.dir/build.make CMakeFiles/cmTC_7d8d8.dir/build]
  ignore line: [make[1]: Entering directory '/home/ivip/Janebek/ORB_SLAM2_semidense/build/CMakeFiles/CMakeTmp']
  ignore line: [Building C object CMakeFiles/cmTC_7d8d8.dir/CMakeCCompilerABI.c.o]
  ignore line: [/usr/bin/cc    -o CMakeFiles/cmTC_7d8d8.dir/CMakeCCompilerABI.c.o   -c /usr/local/share/cmake-3.13/Modules/CMakeCCompilerABI.c]
  ignore line: [Linking C executable cmTC_7d8d8]
  ignore line: [/usr/local/bin/cmake -E cmake_link_script CMakeFiles/cmTC_7d8d8.dir/link.txt --verbose=1]
  ignore line: [/usr/bin/cc     -v -rdynamic CMakeFiles/cmTC_7d8d8.dir/CMakeCCompilerABI.c.o  -o cmTC_7d8d8 ]
  ignore line: [使用内建 specs。]
  ignore line: [COLLECT_GCC=/usr/bin/cc]
  ignore line: [COLLECT_LTO_WRAPPER=/usr/local/libexec/gcc/x86_64-pc-linux-gnu/7.3.0/lto-wrapper]
  ignore line: [目标：x86_64-pc-linux-gnu]
  ignore line: [配置为：../gcc-7.3.0/configure --disable-multilib]
  ignore line: [线程模型：posix]
  ignore line: [gcc 版本 7.3.0 (GCC) ]
  ignore line: [COMPILER_PATH=/usr/local/libexec/gcc/x86_64-pc-linux-gnu/7.3.0/:/usr/local/libexec/gcc/x86_64-pc-linux-gnu/7.3.0/:/usr/local/libexec/gcc/x86_64-pc-linux-gnu/:/usr/local/lib/gcc/x86_64-pc-linux-gnu/7.3.0/:/usr/local/lib/gcc/x86_64-pc-linux-gnu/]
  ignore line: [LIBRARY_PATH=/usr/local/lib/gcc/x86_64-pc-linux-gnu/7.3.0/:/usr/local/lib/gcc/x86_64-pc-linux-gnu/7.3.0/../../../../lib64/:/lib/x86_64-linux-gnu/:/lib/../lib64/:/usr/lib/x86_64-linux-gnu/:/usr/local/lib/gcc/x86_64-pc-linux-gnu/7.3.0/../../../:/lib/:/usr/lib/]
  ignore line: [COLLECT_GCC_OPTIONS='-v' '-rdynamic' '-o' 'cmTC_7d8d8' '-mtune=generic' '-march=x86-64']
  link line: [ /usr/local/libexec/gcc/x86_64-pc-linux-gnu/7.3.0/collect2 -plugin /usr/local/libexec/gcc/x86_64-pc-linux-gnu/7.3.0/liblto_plugin.so -plugin-opt=/usr/local/libexec/gcc/x86_64-pc-linux-gnu/7.3.0/lto-wrapper -plugin-opt=-fresolution=/tmp/cc0kWS5M.res -plugin-opt=-pass-through=-lgcc -plugin-opt=-pass-through=-lgcc_s -plugin-opt=-pass-through=-lc -plugin-opt=-pass-through=-lgcc -plugin-opt=-pass-through=-lgcc_s --eh-frame-hdr -m elf_x86_64 -export-dynamic -dynamic-linker /lib64/ld-linux-x86-64.so.2 -o cmTC_7d8d8 /usr/lib/x86_64-linux-gnu/crt1.o /usr/lib/x86_64-linux-gnu/crti.o /usr/local/lib/gcc/x86_64-pc-linux-gnu/7.3.0/crtbegin.o -L/usr/local/lib/gcc/x86_64-pc-linux-gnu/7.3.0 -L/usr/local/lib/gcc/x86_64-pc-linux-gnu/7.3.0/../../../../lib64 -L/lib/x86_64-linux-gnu -L/lib/../lib64 -L/usr/lib/x86_64-linux-gnu -L/usr/local/lib/gcc/x86_64-pc-linux-gnu/7.3.0/../../.. CMakeFiles/cmTC_7d8d8.dir/CMakeCCompilerABI.c.o -lgcc --as-needed -lgcc_s --no-as-needed -lc -lgcc --as-needed -lgcc_s --no-as-needed /usr/local/lib/gcc/x86_64-pc-linux-gnu/7.3.0/crtend.o /usr/lib/x86_64-linux-gnu/crtn.o]
    arg [/usr/local/libexec/gcc/x86_64-pc-linux-gnu/7.3.0/collect2] ==> ignore
    arg [-plugin] ==> ignore
    arg [/usr/local/libexec/gcc/x86_64-pc-linux-gnu/7.3.0/liblto_plugin.so] ==> ignore
    arg [-plugin-opt=/usr/local/libexec/gcc/x86_64-pc-linux-gnu/7.3.0/lto-wrapper] ==> ignore
    arg [-plugin-opt=-fresolution=/tmp/cc0kWS5M.res] ==> ignore
    arg [-plugin-opt=-pass-through=-lgcc] ==> ignore
    arg [-plugin-opt=-pass-through=-lgcc_s] ==> ignore
    arg [-plugin-opt=-pass-through=-lc] ==> ignore
    arg [-plugin-opt=-pass-through=-lgcc] ==> ignore
    arg [-plugin-opt=-pass-through=-lgcc_s] ==> ignore
    arg [--eh-frame-hdr] ==> ignore
    arg [-m] ==> ignore
    arg [elf_x86_64] ==> ignore
    arg [-export-dynamic] ==> ignore
    arg [-dynamic-linker] ==> ignore
    arg [/lib64/ld-linux-x86-64.so.2] ==> ignore
    arg [-o] ==> ignore
    arg [cmTC_7d8d8] ==> ignore
    arg [/usr/lib/x86_64-linux-gnu/crt1.o] ==> ignore
    arg [/usr/lib/x86_64-linux-gnu/crti.o] ==> ignore
    arg [/usr/local/lib/gcc/x86_64-pc-linux-gnu/7.3.0/crtbegin.o] ==> ignore
    arg [-L/usr/local/lib/gcc/x86_64-pc-linux-gnu/7.3.0] ==> dir [/usr/local/lib/gcc/x86_64-pc-linux-gnu/7.3.0]
    arg [-L/usr/local/lib/gcc/x86_64-pc-linux-gnu/7.3.0/../../../../lib64] ==> dir [/usr/local/lib/gcc/x86_64-pc-linux-gnu/7.3.0/../../../../lib64]
    arg [-L/lib/x86_64-linux-gnu] ==> dir [/lib/x86_64-linux-gnu]
    arg [-L/lib/../lib64] ==> dir [/lib/../lib64]
    arg [-L/usr/lib/x86_64-linux-gnu] ==> dir [/usr/lib/x86_64-linux-gnu]
    arg [-L/usr/local/lib/gcc/x86_64-pc-linux-gnu/7.3.0/../../..] ==> dir [/usr/local/lib/gcc/x86_64-pc-linux-gnu/7.3.0/../../..]
    arg [CMakeFiles/cmTC_7d8d8.dir/CMakeCCompilerABI.c.o] ==> ignore
    arg [-lgcc] ==> lib [gcc]
    arg [--as-needed] ==> ignore
    arg [-lgcc_s] ==> lib [gcc_s]
    arg [--no-as-needed] ==> ignore
    arg [-lc] ==> lib [c]
    arg [-lgcc] ==> lib [gcc]
    arg [--as-needed] ==> ignore
    arg [-lgcc_s] ==> lib [gcc_s]
    arg [--no-as-needed] ==> ignore
    arg [/usr/local/lib/gcc/x86_64-pc-linux-gnu/7.3.0/crtend.o] ==> ignore
    arg [/usr/lib/x86_64-linux-gnu/crtn.o] ==> ignore
  collapse library dir [/usr/local/lib/gcc/x86_64-pc-linux-gnu/7.3.0] ==> [/usr/local/lib/gcc/x86_64-pc-linux-gnu/7.3.0]
  collapse library dir [/usr/local/lib/gcc/x86_64-pc-linux-gnu/7.3.0/../../../../lib64] ==> [/usr/local/lib64]
  collapse library dir [/lib/x86_64-linux-gnu] ==> [/lib/x86_64-linux-gnu]
  collapse library dir [/lib/../lib64] ==> [/lib64]
  collapse library dir [/usr/lib/x86_64-linux-gnu] ==> [/usr/lib/x86_64-linux-gnu]
  collapse library dir [/usr/local/lib/gcc/x86_64-pc-linux-gnu/7.3.0/../../..] ==> [/usr/local/lib]
  implicit libs: [gcc;gcc_s;c;gcc;gcc_s]
  implicit dirs: [/usr/local/lib/gcc/x86_64-pc-linux-gnu/7.3.0;/usr/local/lib64;/lib/x86_64-linux-gnu;/lib64;/usr/lib/x86_64-linux-gnu;/usr/local/lib]
  implicit fwks: []




Detecting C [-std=c11] compiler features compiled with the following output:
Change Dir: /home/ivip/Janebek/ORB_SLAM2_semidense/build/CMakeFiles/CMakeTmp

Run Build Command:"/usr/bin/make" "cmTC_d1dab/fast"
/usr/bin/make -f CMakeFiles/cmTC_d1dab.dir/build.make CMakeFiles/cmTC_d1dab.dir/build
make[1]: Entering directory '/home/ivip/Janebek/ORB_SLAM2_semidense/build/CMakeFiles/CMakeTmp'
Building C object CMakeFiles/cmTC_d1dab.dir/feature_tests.c.o
/usr/bin/cc   -std=c11 -o CMakeFiles/cmTC_d1dab.dir/feature_tests.c.o   -c /home/ivip/Janebek/ORB_SLAM2_semidense/build/CMakeFiles/feature_tests.c
Linking C executable cmTC_d1dab
/usr/local/bin/cmake -E cmake_link_script CMakeFiles/cmTC_d1dab.dir/link.txt --verbose=1
/usr/bin/cc      -rdynamic CMakeFiles/cmTC_d1dab.dir/feature_tests.c.o  -o cmTC_d1dab 
make[1]: Leaving directory '/home/ivip/Janebek/ORB_SLAM2_semidense/build/CMakeFiles/CMakeTmp'


    Feature record: C_FEATURE:1c_function_prototypes
    Feature record: C_FEATURE:1c_restrict
    Feature record: C_FEATURE:1c_static_assert
    Feature record: C_FEATURE:1c_variadic_macros


Detecting C [-std=c99] compiler features compiled with the following output:
Change Dir: /home/ivip/Janebek/ORB_SLAM2_semidense/build/CMakeFiles/CMakeTmp

Run Build Command:"/usr/bin/make" "cmTC_b79c7/fast"
/usr/bin/make -f CMakeFiles/cmTC_b79c7.dir/build.make CMakeFiles/cmTC_b79c7.dir/build
make[1]: Entering directory '/home/ivip/Janebek/ORB_SLAM2_semidense/build/CMakeFiles/CMakeTmp'
Building C object CMakeFiles/cmTC_b79c7.dir/feature_tests.c.o
/usr/bin/cc   -std=c99 -o CMakeFiles/cmTC_b79c7.dir/feature_tests.c.o   -c /home/ivip/Janebek/ORB_SLAM2_semidense/build/CMakeFiles/feature_tests.c
Linking C executable cmTC_b79c7
/usr/local/bin/cmake -E cmake_link_script CMakeFiles/cmTC_b79c7.dir/link.txt --verbose=1
/usr/bin/cc      -rdynamic CMakeFiles/cmTC_b79c7.dir/feature_tests.c.o  -o cmTC_b79c7 
make[1]: Leaving directory '/home/ivip/Janebek/ORB_SLAM2_semidense/build/CMakeFiles/CMakeTmp'


    Feature record: C_FEATURE:1c_function_prototypes
    Feature record: C_FEATURE:1c_restrict
    Feature record: C_FEATURE:0c_static_assert
    Feature record: C_FEATURE:1c_variadic_macros


Detecting C [-std=c90] compiler features compiled with the following output:
Change Dir: /home/ivip/Janebek/ORB_SLAM2_semidense/build/CMakeFiles/CMakeTmp

Run Build Command:"/usr/bin/make" "cmTC_796dd/fast"
/usr/bin/make -f CMakeFiles/cmTC_796dd.dir/build.make CMakeFiles/cmTC_796dd.dir/build
make[1]: Entering directory '/home/ivip/Janebek/ORB_SLAM2_semidense/build/CMakeFiles/CMakeTmp'
Building C object CMakeFiles/cmTC_796dd.dir/feature_tests.c.o
/usr/bin/cc   -std=c90 -o CMakeFiles/cmTC_796dd.dir/feature_tests.c.o   -c /home/ivip/Janebek/ORB_SLAM2_semidense/build/CMakeFiles/feature_tests.c
Linking C executable cmTC_796dd
/usr/local/bin/cmake -E cmake_link_script CMakeFiles/cmTC_796dd.dir/link.txt --verbose=1
/usr/bin/cc      -rdynamic CMakeFiles/cmTC_796dd.dir/feature_tests.c.o  -o cmTC_796dd 
make[1]: Leaving directory '/home/ivip/Janebek/ORB_SLAM2_semidense/build/CMakeFiles/CMakeTmp'


    Feature record: C_FEATURE:1c_function_prototypes
    Feature record: C_FEATURE:0c_restrict
    Feature record: C_FEATURE:0c_static_assert
    Feature record: C_FEATURE:0c_variadic_macros
Determining if the CXX compiler works passed with the following output:
Change Dir: /home/ivip/Janebek/ORB_SLAM2_semidense/build/CMakeFiles/CMakeTmp

Run Build Command:"/usr/bin/make" "cmTC_fe0f3/fast"
/usr/bin/make -f CMakeFiles/cmTC_fe0f3.dir/build.make CMakeFiles/cmTC_fe0f3.dir/build
make[1]: Entering directory '/home/ivip/Janebek/ORB_SLAM2_semidense/build/CMakeFiles/CMakeTmp'
Building CXX object CMakeFiles/cmTC_fe0f3.dir/testCXXCompiler.cxx.o
/usr/bin/c++     -o CMakeFiles/cmTC_fe0f3.dir/testCXXCompiler.cxx.o -c /home/ivip/Janebek/ORB_SLAM2_semidense/build/CMakeFiles/CMakeTmp/testCXXCompiler.cxx
Linking CXX executable cmTC_fe0f3
/usr/local/bin/cmake -E cmake_link_script CMakeFiles/cmTC_fe0f3.dir/link.txt --verbose=1
/usr/bin/c++       -rdynamic CMakeFiles/cmTC_fe0f3.dir/testCXXCompiler.cxx.o  -o cmTC_fe0f3 
make[1]: Leaving directory '/home/ivip/Janebek/ORB_SLAM2_semidense/build/CMakeFiles/CMakeTmp'


Detecting CXX compiler ABI info compiled with the following output:
Change Dir: /home/ivip/Janebek/ORB_SLAM2_semidense/build/CMakeFiles/CMakeTmp

Run Build Command:"/usr/bin/make" "cmTC_ba874/fast"
/usr/bin/make -f CMakeFiles/cmTC_ba874.dir/build.make CMakeFiles/cmTC_ba874.dir/build
make[1]: Entering directory '/home/ivip/Janebek/ORB_SLAM2_semidense/build/CMakeFiles/CMakeTmp'
Building CXX object CMakeFiles/cmTC_ba874.dir/CMakeCXXCompilerABI.cpp.o
/usr/bin/c++     -o CMakeFiles/cmTC_ba874.dir/CMakeCXXCompilerABI.cpp.o -c /usr/local/share/cmake-3.13/Modules/CMakeCXXCompilerABI.cpp
Linking CXX executable cmTC_ba874
/usr/local/bin/cmake -E cmake_link_script CMakeFiles/cmTC_ba874.dir/link.txt --verbose=1
/usr/bin/c++      -v -rdynamic CMakeFiles/cmTC_ba874.dir/CMakeCXXCompilerABI.cpp.o  -o cmTC_ba874 
使用内建 specs。
COLLECT_GCC=/usr/bin/c++
COLLECT_LTO_WRAPPER=/usr/local/libexec/gcc/x86_64-pc-linux-gnu/7.3.0/lto-wrapper
目标：x86_64-pc-linux-gnu
配置为：../gcc-7.3.0/configure --disable-multilib
线程模型：posix
gcc 版本 7.3.0 (GCC) 
COMPILER_PATH=/usr/local/libexec/gcc/x86_64-pc-linux-gnu/7.3.0/:/usr/local/libexec/gcc/x86_64-pc-linux-gnu/7.3.0/:/usr/local/libexec/gcc/x86_64-pc-linux-gnu/:/usr/local/lib/gcc/x86_64-pc-linux-gnu/7.3.0/:/usr/local/lib/gcc/x86_64-pc-linux-gnu/
LIBRARY_PATH=/usr/local/lib/gcc/x86_64-pc-linux-gnu/7.3.0/:/usr/local/lib/gcc/x86_64-pc-linux-gnu/7.3.0/../../../../lib64/:/lib/x86_64-linux-gnu/:/lib/../lib64/:/usr/lib/x86_64-linux-gnu/:/usr/local/lib/gcc/x86_64-pc-linux-gnu/7.3.0/../../../:/lib/:/usr/lib/
COLLECT_GCC_OPTIONS='-v' '-rdynamic' '-o' 'cmTC_ba874' '-shared-libgcc' '-mtune=generic' '-march=x86-64'
 /usr/local/libexec/gcc/x86_64-pc-linux-gnu/7.3.0/collect2 -plugin /usr/local/libexec/gcc/x86_64-pc-linux-gnu/7.3.0/liblto_plugin.so -plugin-opt=/usr/local/libexec/gcc/x86_64-pc-linux-gnu/7.3.0/lto-wrapper -plugin-opt=-fresolution=/tmp/cc5s3iK8.res -plugin-opt=-pass-through=-lgcc_s -plugin-opt=-pass-through=-lgcc -plugin-opt=-pass-through=-lc -plugin-opt=-pass-through=-lgcc_s -plugin-opt=-pass-through=-lgcc --eh-frame-hdr -m elf_x86_64 -export-dynamic -dynamic-linker /lib64/ld-linux-x86-64.so.2 -o cmTC_ba874 /usr/lib/x86_64-linux-gnu/crt1.o /usr/lib/x86_64-linux-gnu/crti.o /usr/local/lib/gcc/x86_64-pc-linux-gnu/7.3.0/crtbegin.o -L/usr/local/lib/gcc/x86_64-pc-linux-gnu/7.3.0 -L/usr/local/lib/gcc/x86_64-pc-linux-gnu/7.3.0/../../../../lib64 -L/lib/x86_64-linux-gnu -L/lib/../lib64 -L/usr/lib/x86_64-linux-gnu -L/usr/local/lib/gcc/x86_64-pc-linux-gnu/7.3.0/../../.. CMakeFiles/cmTC_ba874.dir/CMakeCXXCompilerABI.cpp.o -lstdc++ -lm -lgcc_s -lgcc -lc -lgcc_s -lgcc /usr/local/lib/gcc/x86_64-pc-linux-gnu/7.3.0/crtend.o /usr/lib/x86_64-linux-gnu/crtn.o
COLLECT_GCC_OPTIONS='-v' '-rdynamic' '-o' 'cmTC_ba874' '-shared-libgcc' '-mtune=generic' '-march=x86-64'
make[1]: Leaving directory '/home/ivip/Janebek/ORB_SLAM2_semidense/build/CMakeFiles/CMakeTmp'


Parsed CXX implicit link information from above output:
  link line regex: [^( *|.*[/\])(ld|CMAKE_LINK_STARTFILE-NOTFOUND|([^/\]+-)?ld|collect2)[^/\]*( |$)]
  ignore line: [Change Dir: /home/ivip/Janebek/ORB_SLAM2_semidense/build/CMakeFiles/CMakeTmp]
  ignore line: []
  ignore line: [Run Build Command:"/usr/bin/make" "cmTC_ba874/fast"]
  ignore line: [/usr/bin/make -f CMakeFiles/cmTC_ba874.dir/build.make CMakeFiles/cmTC_ba874.dir/build]
  ignore line: [make[1]: Entering directory '/home/ivip/Janebek/ORB_SLAM2_semidense/build/CMakeFiles/CMakeTmp']
  ignore line: [Building CXX object CMakeFiles/cmTC_ba874.dir/CMakeCXXCompilerABI.cpp.o]
  ignore line: [/usr/bin/c++     -o CMakeFiles/cmTC_ba874.dir/CMakeCXXCompilerABI.cpp.o -c /usr/local/share/cmake-3.13/Modules/CMakeCXXCompilerABI.cpp]
  ignore line: [Linking CXX executable cmTC_ba874]
  ignore line: [/usr/local/bin/cmake -E cmake_link_script CMakeFiles/cmTC_ba874.dir/link.txt --verbose=1]
  ignore line: [/usr/bin/c++      -v -rdynamic CMakeFiles/cmTC_ba874.dir/CMakeCXXCompilerABI.cpp.o  -o cmTC_ba874 ]
  ignore line: [使用内建 specs。]
  ignore line: [COLLECT_GCC=/usr/bin/c++]
  ignore line: [COLLECT_LTO_WRAPPER=/usr/local/libexec/gcc/x86_64-pc-linux-gnu/7.3.0/lto-wrapper]
  ignore line: [目标：x86_64-pc-linux-gnu]
  ignore line: [配置为：../gcc-7.3.0/configure --disable-multilib]
  ignore line: [线程模型：posix]
  ignore line: [gcc 版本 7.3.0 (GCC) ]
  ignore line: [COMPILER_PATH=/usr/local/libexec/gcc/x86_64-pc-linux-gnu/7.3.0/:/usr/local/libexec/gcc/x86_64-pc-linux-gnu/7.3.0/:/usr/local/libexec/gcc/x86_64-pc-linux-gnu/:/usr/local/lib/gcc/x86_64-pc-linux-gnu/7.3.0/:/usr/local/lib/gcc/x86_64-pc-linux-gnu/]
  ignore line: [LIBRARY_PATH=/usr/local/lib/gcc/x86_64-pc-linux-gnu/7.3.0/:/usr/local/lib/gcc/x86_64-pc-linux-gnu/7.3.0/../../../../lib64/:/lib/x86_64-linux-gnu/:/lib/../lib64/:/usr/lib/x86_64-linux-gnu/:/usr/local/lib/gcc/x86_64-pc-linux-gnu/7.3.0/../../../:/lib/:/usr/lib/]
  ignore line: [COLLECT_GCC_OPTIONS='-v' '-rdynamic' '-o' 'cmTC_ba874' '-shared-libgcc' '-mtune=generic' '-march=x86-64']
  link line: [ /usr/local/libexec/gcc/x86_64-pc-linux-gnu/7.3.0/collect2 -plugin /usr/local/libexec/gcc/x86_64-pc-linux-gnu/7.3.0/liblto_plugin.so -plugin-opt=/usr/local/libexec/gcc/x86_64-pc-linux-gnu/7.3.0/lto-wrapper -plugin-opt=-fresolution=/tmp/cc5s3iK8.res -plugin-opt=-pass-through=-lgcc_s -plugin-opt=-pass-through=-lgcc -plugin-opt=-pass-through=-lc -plugin-opt=-pass-through=-lgcc_s -plugin-opt=-pass-through=-lgcc --eh-frame-hdr -m elf_x86_64 -export-dynamic -dynamic-linker /lib64/ld-linux-x86-64.so.2 -o cmTC_ba874 /usr/lib/x86_64-linux-gnu/crt1.o /usr/lib/x86_64-linux-gnu/crti.o /usr/local/lib/gcc/x86_64-pc-linux-gnu/7.3.0/crtbegin.o -L/usr/local/lib/gcc/x86_64-pc-linux-gnu/7.3.0 -L/usr/local/lib/gcc/x86_64-pc-linux-gnu/7.3.0/../../../../lib64 -L/lib/x86_64-linux-gnu -L/lib/../lib64 -L/usr/lib/x86_64-linux-gnu -L/usr/local/lib/gcc/x86_64-pc-linux-gnu/7.3.0/../../.. CMakeFiles/cmTC_ba874.dir/CMakeCXXCompilerABI.cpp.o -lstdc++ -lm -lgcc_s -lgcc -lc -lgcc_s -lgcc /usr/local/lib/gcc/x86_64-pc-linux-gnu/7.3.0/crtend.o /usr/lib/x86_64-linux-gnu/crtn.o]
    arg [/usr/local/libexec/gcc/x86_64-pc-linux-gnu/7.3.0/collect2] ==> ignore
    arg [-plugin] ==> ignore
    arg [/usr/local/libexec/gcc/x86_64-pc-linux-gnu/7.3.0/liblto_plugin.so] ==> ignore
    arg [-plugin-opt=/usr/local/libexec/gcc/x86_64-pc-linux-gnu/7.3.0/lto-wrapper] ==> ignore
    arg [-plugin-opt=-fresolution=/tmp/cc5s3iK8.res] ==> ignore
    arg [-plugin-opt=-pass-through=-lgcc_s] ==> ignore
    arg [-plugin-opt=-pass-through=-lgcc] ==> ignore
    arg [-plugin-opt=-pass-through=-lc] ==> ignore
    arg [-plugin-opt=-pass-through=-lgcc_s] ==> ignore
    arg [-plugin-opt=-pass-through=-lgcc] ==> ignore
    arg [--eh-frame-hdr] ==> ignore
    arg [-m] ==> ignore
    arg [elf_x86_64] ==> ignore
    arg [-export-dynamic] ==> ignore
    arg [-dynamic-linker] ==> ignore
    arg [/lib64/ld-linux-x86-64.so.2] ==> ignore
    arg [-o] ==> ignore
    arg [cmTC_ba874] ==> ignore
    arg [/usr/lib/x86_64-linux-gnu/crt1.o] ==> ignore
    arg [/usr/lib/x86_64-linux-gnu/crti.o] ==> ignore
    arg [/usr/local/lib/gcc/x86_64-pc-linux-gnu/7.3.0/crtbegin.o] ==> ignore
    arg [-L/usr/local/lib/gcc/x86_64-pc-linux-gnu/7.3.0] ==> dir [/usr/local/lib/gcc/x86_64-pc-linux-gnu/7.3.0]
    arg [-L/usr/local/lib/gcc/x86_64-pc-linux-gnu/7.3.0/../../../../lib64] ==> dir [/usr/local/lib/gcc/x86_64-pc-linux-gnu/7.3.0/../../../../lib64]
    arg [-L/lib/x86_64-linux-gnu] ==> dir [/lib/x86_64-linux-gnu]
    arg [-L/lib/../lib64] ==> dir [/lib/../lib64]
    arg [-L/usr/lib/x86_64-linux-gnu] ==> dir [/usr/lib/x86_64-linux-gnu]
    arg [-L/usr/local/lib/gcc/x86_64-pc-linux-gnu/7.3.0/../../..] ==> dir [/usr/local/lib/gcc/x86_64-pc-linux-gnu/7.3.0/../../..]
    arg [CMakeFiles/cmTC_ba874.dir/CMakeCXXCompilerABI.cpp.o] ==> ignore
    arg [-lstdc++] ==> lib [stdc++]
    arg [-lm] ==> lib [m]
    arg [-lgcc_s] ==> lib [gcc_s]
    arg [-lgcc] ==> lib [gcc]
    arg [-lc] ==> lib [c]
    arg [-lgcc_s] ==> lib [gcc_s]
    arg [-lgcc] ==> lib [gcc]
    arg [/usr/local/lib/gcc/x86_64-pc-linux-gnu/7.3.0/crtend.o] ==> ignore
    arg [/usr/lib/x86_64-linux-gnu/crtn.o] ==> ignore
  collapse library dir [/usr/local/lib/gcc/x86_64-pc-linux-gnu/7.3.0] ==> [/usr/local/lib/gcc/x86_64-pc-linux-gnu/7.3.0]
  collapse library dir [/usr/local/lib/gcc/x86_64-pc-linux-gnu/7.3.0/../../../../lib64] ==> [/usr/local/lib64]
  collapse library dir [/lib/x86_64-linux-gnu] ==> [/lib/x86_64-linux-gnu]
  collapse library dir [/lib/../lib64] ==> [/lib64]
  collapse library dir [/usr/lib/x86_64-linux-gnu] ==> [/usr/lib/x86_64-linux-gnu]
  collapse library dir [/usr/local/lib/gcc/x86_64-pc-linux-gnu/7.3.0/../../..] ==> [/usr/local/lib]
  implicit libs: [stdc++;m;gcc_s;gcc;c;gcc_s;gcc]
  implicit dirs: [/usr/local/lib/gcc/x86_64-pc-linux-gnu/7.3.0;/usr/local/lib64;/lib/x86_64-linux-gnu;/lib64;/usr/lib/x86_64-linux-gnu;/usr/local/lib]
  implicit fwks: []




Detecting CXX [-std=c++1z] compiler features compiled with the following output:
Change Dir: /home/ivip/Janebek/ORB_SLAM2_semidense/build/CMakeFiles/CMakeTmp

Run Build Command:"/usr/bin/make" "cmTC_31aff/fast"
/usr/bin/make -f CMakeFiles/cmTC_31aff.dir/build.make CMakeFiles/cmTC_31aff.dir/build
make[1]: Entering directory '/home/ivip/Janebek/ORB_SLAM2_semidense/build/CMakeFiles/CMakeTmp'
Building CXX object CMakeFiles/cmTC_31aff.dir/feature_tests.cxx.o
/usr/bin/c++    -std=c++1z -o CMakeFiles/cmTC_31aff.dir/feature_tests.cxx.o -c /home/ivip/Janebek/ORB_SLAM2_semidense/build/CMakeFiles/feature_tests.cxx
Linking CXX executable cmTC_31aff
/usr/local/bin/cmake -E cmake_link_script CMakeFiles/cmTC_31aff.dir/link.txt --verbose=1
/usr/bin/c++       -rdynamic CMakeFiles/cmTC_31aff.dir/feature_tests.cxx.o  -o cmTC_31aff 
make[1]: Leaving directory '/home/ivip/Janebek/ORB_SLAM2_semidense/build/CMakeFiles/CMakeTmp'


    Feature record: CXX_FEATURE:1cxx_aggregate_default_initializers
    Feature record: CXX_FEATURE:1cxx_alias_templates
    Feature record: CXX_FEATURE:1cxx_alignas
    Feature record: CXX_FEATURE:1cxx_alignof
    Feature record: CXX_FEATURE:1cxx_attributes
    Feature record: CXX_FEATURE:1cxx_attribute_deprecated
    Feature record: CXX_FEATURE:1cxx_auto_type
    Feature record: CXX_FEATURE:1cxx_binary_literals
    Feature record: CXX_FEATURE:1cxx_constexpr
    Feature record: CXX_FEATURE:1cxx_contextual_conversions
    Feature record: CXX_FEATURE:1cxx_decltype
    Feature record: CXX_FEATURE:1cxx_decltype_auto
    Feature record: CXX_FEATURE:1cxx_decltype_incomplete_return_types
    Feature record: CXX_FEATURE:1cxx_default_function_template_args
    Feature record: CXX_FEATURE:1cxx_defaulted_functions
    Feature record: CXX_FEATURE:1cxx_defaulted_move_initializers
    Feature record: CXX_FEATURE:1cxx_delegating_constructors
    Feature record: CXX_FEATURE:1cxx_deleted_functions
    Feature record: CXX_FEATURE:1cxx_digit_separators
    Feature record: CXX_FEATURE:1cxx_enum_forward_declarations
    Feature record: CXX_FEATURE:1cxx_explicit_conversions
    Feature record: CXX_FEATURE:1cxx_extended_friend_declarations
    Feature record: CXX_FEATURE:1cxx_extern_templates
    Feature record: CXX_FEATURE:1cxx_final
    Feature record: CXX_FEATURE:1cxx_func_identifier
    Feature record: CXX_FEATURE:1cxx_generalized_initializers
    Feature record: CXX_FEATURE:1cxx_generic_lambdas
    Feature record: CXX_FEATURE:1cxx_inheriting_constructors
    Feature record: CXX_FEATURE:1cxx_inline_namespaces
    Feature record: CXX_FEATURE:1cxx_lambdas
    Feature record: CXX_FEATURE:1cxx_lambda_init_captures
    Feature record: CXX_FEATURE:1cxx_local_type_template_args
    Feature record: CXX_FEATURE:1cxx_long_long_type
    Feature record: CXX_FEATURE:1cxx_noexcept
    Feature record: CXX_FEATURE:1cxx_nonstatic_member_init
    Feature record: CXX_FEATURE:1cxx_nullptr
    Feature record: CXX_FEATURE:1cxx_override
    Feature record: CXX_FEATURE:1cxx_range_for
    Feature record: CXX_FEATURE:1cxx_raw_string_literals
    Feature record: CXX_FEATURE:1cxx_reference_qualified_functions
    Feature record: CXX_FEATURE:1cxx_relaxed_constexpr
    Feature record: CXX_FEATURE:1cxx_return_type_deduction
    Feature record: CXX_FEATURE:1cxx_right_angle_brackets
    Feature record: CXX_FEATURE:1cxx_rvalue_references
    Feature record: CXX_FEATURE:1cxx_sizeof_member
    Feature record: CXX_FEATURE:1cxx_static_assert
    Feature record: CXX_FEATURE:1cxx_strong_enums
    Feature record: CXX_FEATURE:1cxx_template_template_parameters
    Feature record: CXX_FEATURE:1cxx_thread_local
    Feature record: CXX_FEATURE:1cxx_trailing_return_types
    Feature record: CXX_FEATURE:1cxx_unicode_literals
    Feature record: CXX_FEATURE:1cxx_uniform_initialization
    Feature record: CXX_FEATURE:1cxx_unrestricted_unions
    Feature record: CXX_FEATURE:1cxx_user_literals
    Feature record: CXX_FEATURE:1cxx_variable_templates
    Feature record: CXX_FEATURE:1cxx_variadic_macros
    Feature record: CXX_FEATURE:1cxx_variadic_templates


Detecting CXX [-std=c++14] compiler features compiled with the following output:
Change Dir: /home/ivip/Janebek/ORB_SLAM2_semidense/build/CMakeFiles/CMakeTmp

Run Build Command:"/usr/bin/make" "cmTC_4ef6e/fast"
/usr/bin/make -f CMakeFiles/cmTC_4ef6e.dir/build.make CMakeFiles/cmTC_4ef6e.dir/build
make[1]: Entering directory '/home/ivip/Janebek/ORB_SLAM2_semidense/build/CMakeFiles/CMakeTmp'
Building CXX object CMakeFiles/cmTC_4ef6e.dir/feature_tests.cxx.o
/usr/bin/c++    -std=c++14 -o CMakeFiles/cmTC_4ef6e.dir/feature_tests.cxx.o -c /home/ivip/Janebek/ORB_SLAM2_semidense/build/CMakeFiles/feature_tests.cxx
Linking CXX executable cmTC_4ef6e
/usr/local/bin/cmake -E cmake_link_script CMakeFiles/cmTC_4ef6e.dir/link.txt --verbose=1
/usr/bin/c++       -rdynamic CMakeFiles/cmTC_4ef6e.dir/feature_tests.cxx.o  -o cmTC_4ef6e 
make[1]: Leaving directory '/home/ivip/Janebek/ORB_SLAM2_semidense/build/CMakeFiles/CMakeTmp'


    Feature record: CXX_FEATURE:1cxx_aggregate_default_initializers
    Feature record: CXX_FEATURE:1cxx_alias_templates
    Feature record: CXX_FEATURE:1cxx_alignas
    Feature record: CXX_FEATURE:1cxx_alignof
    Feature record: CXX_FEATURE:1cxx_attributes
    Feature record: CXX_FEATURE:1cxx_attribute_deprecated
    Feature record: CXX_FEATURE:1cxx_auto_type
    Feature record: CXX_FEATURE:1cxx_binary_literals
    Feature record: CXX_FEATURE:1cxx_constexpr
    Feature record: CXX_FEATURE:1cxx_contextual_conversions
    Feature record: CXX_FEATURE:1cxx_decltype
    Feature record: CXX_FEATURE:1cxx_decltype_auto
    Feature record: CXX_FEATURE:1cxx_decltype_incomplete_return_types
    Feature record: CXX_FEATURE:1cxx_default_function_template_args
    Feature record: CXX_FEATURE:1cxx_defaulted_functions
    Feature record: CXX_FEATURE:1cxx_defaulted_move_initializers
    Feature record: CXX_FEATURE:1cxx_delegating_constructors
    Feature record: CXX_FEATURE:1cxx_deleted_functions
    Feature record: CXX_FEATURE:1cxx_digit_separators
    Feature record: CXX_FEATURE:1cxx_enum_forward_declarations
    Feature record: CXX_FEATURE:1cxx_explicit_conversions
    Feature record: CXX_FEATURE:1cxx_extended_friend_declarations
    Feature record: CXX_FEATURE:1cxx_extern_templates
    Feature record: CXX_FEATURE:1cxx_final
    Feature record: CXX_FEATURE:1cxx_func_identifier
    Feature record: CXX_FEATURE:1cxx_generalized_initializers
    Feature record: CXX_FEATURE:1cxx_generic_lambdas
    Feature record: CXX_FEATURE:1cxx_inheriting_constructors
    Feature record: CXX_FEATURE:1cxx_inline_namespaces
    Feature record: CXX_FEATURE:1cxx_lambdas
    Feature record: CXX_FEATURE:1cxx_lambda_init_captures
    Feature record: CXX_FEATURE:1cxx_local_type_template_args
    Feature record: CXX_FEATURE:1cxx_long_long_type
    Feature record: CXX_FEATURE:1cxx_noexcept
    Feature record: CXX_FEATURE:1cxx_nonstatic_member_init
    Feature record: CXX_FEATURE:1cxx_nullptr
    Feature record: CXX_FEATURE:1cxx_override
    Feature record: CXX_FEATURE:1cxx_range_for
    Feature record: CXX_FEATURE:1cxx_raw_string_literals
    Feature record: CXX_FEATURE:1cxx_reference_qualified_functions
    Feature record: CXX_FEATURE:1cxx_relaxed_constexpr
    Feature record: CXX_FEATURE:1cxx_return_type_deduction
    Feature record: CXX_FEATURE:1cxx_right_angle_brackets
    Feature record: CXX_FEATURE:1cxx_rvalue_references
    Feature record: CXX_FEATURE:1cxx_sizeof_member
    Feature record: CXX_FEATURE:1cxx_static_assert
    Feature record: CXX_FEATURE:1cxx_strong_enums
    Feature record: CXX_FEATURE:1cxx_template_template_parameters
    Feature record: CXX_FEATURE:1cxx_thread_local
    Feature record: CXX_FEATURE:1cxx_trailing_return_types
    Feature record: CXX_FEATURE:1cxx_unicode_literals
    Feature record: CXX_FEATURE:1cxx_uniform_initialization
    Feature record: CXX_FEATURE:1cxx_unrestricted_unions
    Feature record: CXX_FEATURE:1cxx_user_literals
    Feature record: CXX_FEATURE:1cxx_variable_templates
    Feature record: CXX_FEATURE:1cxx_variadic_macros
    Feature record: CXX_FEATURE:1cxx_variadic_templates


Detecting CXX [-std=c++11] compiler features compiled with the following output:
Change Dir: /home/ivip/Janebek/ORB_SLAM2_semidense/build/CMakeFiles/CMakeTmp

Run Build Command:"/usr/bin/make" "cmTC_2cf70/fast"
/usr/bin/make -f CMakeFiles/cmTC_2cf70.dir/build.make CMakeFiles/cmTC_2cf70.dir/build
make[1]: Entering directory '/home/ivip/Janebek/ORB_SLAM2_semidense/build/CMakeFiles/CMakeTmp'
Building CXX object CMakeFiles/cmTC_2cf70.dir/feature_tests.cxx.o
/usr/bin/c++    -std=c++11 -o CMakeFiles/cmTC_2cf70.dir/feature_tests.cxx.o -c /home/ivip/Janebek/ORB_SLAM2_semidense/build/CMakeFiles/feature_tests.cxx
Linking CXX executable cmTC_2cf70
/usr/local/bin/cmake -E cmake_link_script CMakeFiles/cmTC_2cf70.dir/link.txt --verbose=1
/usr/bin/c++       -rdynamic CMakeFiles/cmTC_2cf70.dir/feature_tests.cxx.o  -o cmTC_2cf70 
make[1]: Leaving directory '/home/ivip/Janebek/ORB_SLAM2_semidense/build/CMakeFiles/CMakeTmp'


    Feature record: CXX_FEATURE:0cxx_aggregate_default_initializers
    Feature record: CXX_FEATURE:1cxx_alias_templates
    Feature record: CXX_FEATURE:1cxx_alignas
    Feature record: CXX_FEATURE:1cxx_alignof
    Feature record: CXX_FEATURE:1cxx_attributes
    Feature record: CXX_FEATURE:0cxx_attribute_deprecated
    Feature record: CXX_FEATURE:1cxx_auto_type
    Feature record: CXX_FEATURE:0cxx_binary_literals
    Feature record: CXX_FEATURE:1cxx_constexpr
    Feature record: CXX_FEATURE:0cxx_contextual_conversions
    Feature record: CXX_FEATURE:1cxx_decltype
    Feature record: CXX_FEATURE:0cxx_decltype_auto
    Feature record: CXX_FEATURE:1cxx_decltype_incomplete_return_types
    Feature record: CXX_FEATURE:1cxx_default_function_template_args
    Feature record: CXX_FEATURE:1cxx_defaulted_functions
    Feature record: CXX_FEATURE:1cxx_defaulted_move_initializers
    Feature record: CXX_FEATURE:1cxx_delegating_constructors
    Feature record: CXX_FEATURE:1cxx_deleted_functions
    Feature record: CXX_FEATURE:0cxx_digit_separators
    Feature record: CXX_FEATURE:1cxx_enum_forward_declarations
    Feature record: CXX_FEATURE:1cxx_explicit_conversions
    Feature record: CXX_FEATURE:1cxx_extended_friend_declarations
    Feature record: CXX_FEATURE:1cxx_extern_templates
    Feature record: CXX_FEATURE:1cxx_final
    Feature record: CXX_FEATURE:1cxx_func_identifier
    Feature record: CXX_FEATURE:1cxx_generalized_initializers
    Feature record: CXX_FEATURE:0cxx_generic_lambdas
    Feature record: CXX_FEATURE:1cxx_inheriting_constructors
    Feature record: CXX_FEATURE:1cxx_inline_namespaces
    Feature record: CXX_FEATURE:1cxx_lambdas
    Feature record: CXX_FEATURE:0cxx_lambda_init_captures
    Feature record: CXX_FEATURE:1cxx_local_type_template_args
    Feature record: CXX_FEATURE:1cxx_long_long_type
    Feature record: CXX_FEATURE:1cxx_noexcept
    Feature record: CXX_FEATURE:1cxx_nonstatic_member_init
    Feature record: CXX_FEATURE:1cxx_nullptr
    Feature record: CXX_FEATURE:1cxx_override
    Feature record: CXX_FEATURE:1cxx_range_for
    Feature record: CXX_FEATURE:1cxx_raw_string_literals
    Feature record: CXX_FEATURE:1cxx_reference_qualified_functions
    Feature record: CXX_FEATURE:0cxx_relaxed_constexpr
    Feature record: CXX_FEATURE:0cxx_return_type_deduction
    Feature record: CXX_FEATURE:1cxx_right_angle_brackets
    Feature record: CXX_FEATURE:1cxx_rvalue_references
    Feature record: CXX_FEATURE:1cxx_sizeof_member
    Feature record: CXX_FEATURE:1cxx_static_assert
    Feature record: CXX_FEATURE:1cxx_strong_enums
    Feature record: CXX_FEATURE:1cxx_template_template_parameters
    Feature record: CXX_FEATURE:1cxx_thread_local
    Feature record: CXX_FEATURE:1cxx_trailing_return_types
    Feature record: CXX_FEATURE:1cxx_unicode_literals
    Feature record: CXX_FEATURE:1cxx_uniform_initialization
    Feature record: CXX_FEATURE:1cxx_unrestricted_unions
    Feature record: CXX_FEATURE:1cxx_user_literals
    Feature record: CXX_FEATURE:0cxx_variable_templates
    Feature record: CXX_FEATURE:1cxx_variadic_macros
    Feature record: CXX_FEATURE:1cxx_variadic_templates


Detecting CXX [-std=c++98] compiler features compiled with the following output:
Change Dir: /home/ivip/Janebek/ORB_SLAM2_semidense/build/CMakeFiles/CMakeTmp

Run Build Command:"/usr/bin/make" "cmTC_c5c00/fast"
/usr/bin/make -f CMakeFiles/cmTC_c5c00.dir/build.make CMakeFiles/cmTC_c5c00.dir/build
make[1]: Entering directory '/home/ivip/Janebek/ORB_SLAM2_semidense/build/CMakeFiles/CMakeTmp'
Building CXX object CMakeFiles/cmTC_c5c00.dir/feature_tests.cxx.o
/usr/bin/c++    -std=c++98 -o CMakeFiles/cmTC_c5c00.dir/feature_tests.cxx.o -c /home/ivip/Janebek/ORB_SLAM2_semidense/build/CMakeFiles/feature_tests.cxx
Linking CXX executable cmTC_c5c00
/usr/local/bin/cmake -E cmake_link_script CMakeFiles/cmTC_c5c00.dir/link.txt --verbose=1
/usr/bin/c++       -rdynamic CMakeFiles/cmTC_c5c00.dir/feature_tests.cxx.o  -o cmTC_c5c00 
make[1]: Leaving directory '/home/ivip/Janebek/ORB_SLAM2_semidense/build/CMakeFiles/CMakeTmp'


    Feature record: CXX_FEATURE:0cxx_aggregate_default_initializers
    Feature record: CXX_FEATURE:0cxx_alias_templates
    Feature record: CXX_FEATURE:0cxx_alignas
    Feature record: CXX_FEATURE:0cxx_alignof
    Feature record: CXX_FEATURE:0cxx_attributes
    Feature record: CXX_FEATURE:0cxx_attribute_deprecated
    Feature record: CXX_FEATURE:0cxx_auto_type
    Feature record: CXX_FEATURE:0cxx_binary_literals
    Feature record: CXX_FEATURE:0cxx_constexpr
    Feature record: CXX_FEATURE:0cxx_contextual_conversions
    Feature record: CXX_FEATURE:0cxx_decltype
    Feature record: CXX_FEATURE:0cxx_decltype_auto
    Feature record: CXX_FEATURE:0cxx_decltype_incomplete_return_types
    Feature record: CXX_FEATURE:0cxx_default_function_template_args
    Feature record: CXX_FEATURE:0cxx_defaulted_functions
    Feature record: CXX_FEATURE:0cxx_defaulted_move_initializers
    Feature record: CXX_FEATURE:0cxx_delegating_constructors
    Feature record: CXX_FEATURE:0cxx_deleted_functions
    Feature record: CXX_FEATURE:0cxx_digit_separators
    Feature record: CXX_FEATURE:0cxx_enum_forward_declarations
    Feature record: CXX_FEATURE:0cxx_explicit_conversions
    Feature record: CXX_FEATURE:0cxx_extended_friend_declarations
    Feature record: CXX_FEATURE:0cxx_extern_templates
    Feature record: CXX_FEATURE:0cxx_final
    Feature record: CXX_FEATURE:0cxx_func_identifier
    Feature record: CXX_FEATURE:0cxx_generalized_initializers
    Feature record: CXX_FEATURE:0cxx_generic_lambdas
    Feature record: CXX_FEATURE:0cxx_inheriting_constructors
    Feature record: CXX_FEATURE:0cxx_inline_namespaces
    Feature record: CXX_FEATURE:0cxx_lambdas
    Feature record: CXX_FEATURE:0cxx_lambda_init_captures
    Feature record: CXX_FEATURE:0cxx_local_type_template_args
    Feature record: CXX_FEATURE:0cxx_long_long_type
    Feature record: CXX_FEATURE:0cxx_noexcept
    Feature record: CXX_FEATURE:0cxx_nonstatic_member_init
    Feature record: CXX_FEATURE:0cxx_nullptr
    Feature record: CXX_FEATURE:0cxx_override
    Feature record: CXX_FEATURE:0cxx_range_for
    Feature record: CXX_FEATURE:0cxx_raw_string_literals
    Feature record: CXX_FEATURE:0cxx_reference_qualified_functions
    Feature record: CXX_FEATURE:0cxx_relaxed_constexpr
    Feature record: CXX_FEATURE:0cxx_return_type_deduction
    Feature record: CXX_FEATURE:0cxx_right_angle_brackets
    Feature record: CXX_FEATURE:0cxx_rvalue_references
    Feature record: CXX_FEATURE:0cxx_sizeof_member
    Feature record: CXX_FEATURE:0cxx_static_assert
    Feature record: CXX_FEATURE:0cxx_strong_enums
    Feature record: CXX_FEATURE:1cxx_template_template_parameters
    Feature record: CXX_FEATURE:0cxx_thread_local
    Feature record: CXX_FEATURE:0cxx_trailing_return_types
    Feature record: CXX_FEATURE:0cxx_unicode_literals
    Feature record: CXX_FEATURE:0cxx_uniform_initialization
    Feature record: CXX_FEATURE:0cxx_unrestricted_unions
    Feature record: CXX_FEATURE:0cxx_user_literals
    Feature record: CXX_FEATURE:0cxx_variable_templates
    Feature record: CXX_FEATURE:0cxx_variadic_macros
    Feature record: CXX_FEATURE:0cxx_variadic_templates
Performing C++ SOURCE FILE Test COMPILER_SUPPORTS_CXX11 succeeded with the following output:
Change Dir: /home/ivip/Janebek/ORB_SLAM2_semidense/build/CMakeFiles/CMakeTmp

Run Build Command:"/usr/bin/make" "cmTC_f46d9/fast"
/usr/bin/make -f CMakeFiles/cmTC_f46d9.dir/build.make CMakeFiles/cmTC_f46d9.dir/build
make[1]: Entering directory '/home/ivip/Janebek/ORB_SLAM2_semidense/build/CMakeFiles/CMakeTmp'
Building CXX object CMakeFiles/cmTC_f46d9.dir/src.cxx.o
/usr/bin/c++    -Wall   -O3 -march=native -DCOMPILER_SUPPORTS_CXX11   -std=c++11 -o CMakeFiles/cmTC_f46d9.dir/src.cxx.o -c /home/ivip/Janebek/ORB_SLAM2_semidense/build/CMakeFiles/CMakeTmp/src.cxx
Linking CXX executable cmTC_f46d9
/usr/local/bin/cmake -E cmake_link_script CMakeFiles/cmTC_f46d9.dir/link.txt --verbose=1
/usr/bin/c++   -Wall   -O3 -march=native -DCOMPILER_SUPPORTS_CXX11    -rdynamic CMakeFiles/cmTC_f46d9.dir/src.cxx.o  -o cmTC_f46d9 
make[1]: Leaving directory '/home/ivip/Janebek/ORB_SLAM2_semidense/build/CMakeFiles/CMakeTmp'

Source file was:
int main() { return 0; }
Performing C++ SOURCE FILE Test COMPILER_SUPPORTS_CXX0X succeeded with the following output:
Change Dir: /home/ivip/Janebek/ORB_SLAM2_semidense/build/CMakeFiles/CMakeTmp

Run Build Command:"/usr/bin/make" "cmTC_04d88/fast"
/usr/bin/make -f CMakeFiles/cmTC_04d88.dir/build.make CMakeFiles/cmTC_04d88.dir/build
make[1]: Entering directory '/home/ivip/Janebek/ORB_SLAM2_semidense/build/CMakeFiles/CMakeTmp'
Building CXX object CMakeFiles/cmTC_04d88.dir/src.cxx.o
/usr/bin/c++    -Wall   -O3 -march=native -DCOMPILER_SUPPORTS_CXX0X   -std=c++0x -o CMakeFiles/cmTC_04d88.dir/src.cxx.o -c /home/ivip/Janebek/ORB_SLAM2_semidense/build/CMakeFiles/CMakeTmp/src.cxx
Linking CXX executable cmTC_04d88
/usr/local/bin/cmake -E cmake_link_script CMakeFiles/cmTC_04d88.dir/link.txt --verbose=1
/usr/bin/c++   -Wall   -O3 -march=native -DCOMPILER_SUPPORTS_CXX0X    -rdynamic CMakeFiles/cmTC_04d88.dir/src.cxx.o  -o cmTC_04d88 
make[1]: Leaving directory '/home/ivip/Janebek/ORB_SLAM2_semidense/build/CMakeFiles/CMakeTmp'

Source file was:
int main() { return 0; }
Determining if the include file pthread.h exists passed with the following output:
Change Dir: /home/ivip/Janebek/ORB_SLAM2_semidense/build/CMakeFiles/CMakeTmp

Run Build Command:"/usr/bin/make" "cmTC_8c3ad/fast"
/usr/bin/make -f CMakeFiles/cmTC_8c3ad.dir/build.make CMakeFiles/cmTC_8c3ad.dir/build
make[1]: Entering directory '/home/ivip/Janebek/ORB_SLAM2_semidense/build/CMakeFiles/CMakeTmp'
Building C object CMakeFiles/cmTC_8c3ad.dir/CheckIncludeFile.c.o
/usr/bin/cc   -Wall  -O3 -march=native     -o CMakeFiles/cmTC_8c3ad.dir/CheckIncludeFile.c.o   -c /home/ivip/Janebek/ORB_SLAM2_semidense/build/CMakeFiles/CMakeTmp/CheckIncludeFile.c
Linking C executable cmTC_8c3ad
/usr/local/bin/cmake -E cmake_link_script CMakeFiles/cmTC_8c3ad.dir/link.txt --verbose=1
/usr/bin/cc   -Wall  -O3 -march=native      -rdynamic CMakeFiles/cmTC_8c3ad.dir/CheckIncludeFile.c.o  -o cmTC_8c3ad 
make[1]: Leaving directory '/home/ivip/Janebek/ORB_SLAM2_semidense/build/CMakeFiles/CMakeTmp'


Determining if the function pthread_create exists in the pthread passed with the following output:
Change Dir: /home/ivip/Janebek/ORB_SLAM2_semidense/build/CMakeFiles/CMakeTmp

Run Build Command:"/usr/bin/make" "cmTC_348e1/fast"
/usr/bin/make -f CMakeFiles/cmTC_348e1.dir/build.make CMakeFiles/cmTC_348e1.dir/build
make[1]: Entering directory '/home/ivip/Janebek/ORB_SLAM2_semidense/build/CMakeFiles/CMakeTmp'
Building C object CMakeFiles/cmTC_348e1.dir/CheckFunctionExists.c.o
/usr/bin/cc   -Wall  -O3 -march=native  -DCHECK_FUNCTION_EXISTS=pthread_create   -o CMakeFiles/cmTC_348e1.dir/CheckFunctionExists.c.o   -c /usr/local/share/cmake-3.13/Modules/CheckFunctionExists.c
Linking C executable cmTC_348e1
/usr/local/bin/cmake -E cmake_link_script CMakeFiles/cmTC_348e1.dir/link.txt --verbose=1
/usr/bin/cc   -Wall  -O3 -march=native  -DCHECK_FUNCTION_EXISTS=pthread_create    -rdynamic CMakeFiles/cmTC_348e1.dir/CheckFunctionExists.c.o  -o cmTC_348e1 -lpthread 
make[1]: Leaving directory '/home/ivip/Janebek/ORB_SLAM2_semidense/build/CMakeFiles/CMakeTmp'


